  Main.cpp
c:\users\teto2\documents\git_theetho\project\wizworld\include\inventory.h(39): error C3861: 'PRIMARY_WEAPON' : identificateur introuvable
  c:\users\teto2\documents\git_theetho\project\wizworld\include\inventory.h(39): note: Le diagnostic s'est produit dans la fonction 'void Inventory::equipItem(T *)' générée par le compilateur
  Character.cpp
c:\users\teto2\documents\git_theetho\project\wizworld\include\inventory.h(33): error C2059: erreur de syntaxe : '=='
  c:\users\teto2\documents\git_theetho\project\wizworld\source\character.cpp(75): note: voir la référence à l'instanciation de la fonction modèle 'void Inventory::equipItem<Item>(T *)' en cours de compilation
          with
          [
              T=Item
          ]
c:\users\teto2\documents\git_theetho\project\wizworld\include\inventory.h(34): error C2143: erreur de syntaxe : absence de ';' avant '{'
c:\users\teto2\documents\git_theetho\project\wizworld\include\inventory.h(37): error C2181: instruction else sans if correspondant non conforme
c:\users\teto2\documents\git_theetho\project\wizworld\include\inventory.h(37): error C2059: erreur de syntaxe : '=='
c:\users\teto2\documents\git_theetho\project\wizworld\include\inventory.h(38): error C2143: erreur de syntaxe : absence de ';' avant '{'
c:\users\teto2\documents\git_theetho\project\wizworld\include\inventory.h(41): error C2664: 'void Inventory::setWeapon_1(Weapon *)' : impossible de convertir l'argument 1 de 'T *' en 'Weapon *'
          with
          [
              T=Item
          ]
  c:\users\teto2\documents\git_theetho\project\wizworld\include\inventory.h(41): note: Les types pointés n'ont aucun rapport entre eux ; conversion nécessitant reinterpret_cast, cast de style C ou cast de style fonction
c:\users\teto2\documents\git_theetho\project\wizworld\include\inventory.h(45): error C2664: 'void Inventory::setWeapon_2(Weapon *)' : impossible de convertir l'argument 1 de 'T *' en 'Weapon *'
          with
          [
              T=Item
          ]
  c:\users\teto2\documents\git_theetho\project\wizworld\include\inventory.h(45): note: Les types pointés n'ont aucun rapport entre eux ; conversion nécessitant reinterpret_cast, cast de style C ou cast de style fonction
  Inventory.cpp
  Item.cpp
c:\users\teto2\documents\git_theetho\project\wizworld\include\inventory.h(39): error C3861: 'PRIMARY_WEAPON' : identificateur introuvable
  c:\users\teto2\documents\git_theetho\project\wizworld\include\inventory.h(39): note: Le diagnostic s'est produit dans la fonction 'void Inventory::equipItem(T *)' générée par le compilateur
  Weapon.cpp
  Génération de code en cours...
