  EditorState.cpp
c:\users\théo brichet\desktop\project\wizworld\include\statisticscomponent.h(35): warning C4305: 'initialisation' : troncation de 'double' à 'const float'
c:\users\théo brichet\desktop\project\wizworld\source\editorstate.cpp(8): warning C4305: 'initialisation' : troncation de 'double' à 'float'
c:\users\théo brichet\desktop\project\wizworld\source\editorstate.cpp(37): warning C4244: 'initialisation' : conversion de 'T' en 'int', perte possible de données
          with
          [
              T=float
          ]
c:\users\théo brichet\desktop\project\wizworld\source\editorstate.cpp(38): warning C4244: 'initialisation' : conversion de 'T' en 'int', perte possible de données
          with
          [
              T=float
          ]
c:\users\théo brichet\desktop\project\wizworld\source\editorstate.cpp(39): warning C4244: 'initialisation' : conversion de 'T' en 'int', perte possible de données
          with
          [
              T=float
          ]
c:\users\théo brichet\desktop\project\wizworld\source\editorstate.cpp(71): warning C4244: 'argument' : conversion de 'int' en 'float', perte possible de données
c:\users\théo brichet\desktop\project\wizworld\source\editorstate.cpp(154): warning C4244: '=' : conversion de 'float' en 'int', perte possible de données
c:\users\théo brichet\desktop\project\wizworld\source\editorstate.cpp(161): warning C4018: '<' : incompatibilité signed/unsigned
c:\users\théo brichet\desktop\project\wizworld\source\editorstate.cpp(163): warning C4018: '<' : incompatibilité signed/unsigned
c:\users\théo brichet\desktop\project\wizworld\source\editorstate.cpp(166): warning C4244: 'argument' : conversion de 'int' en 'T', perte possible de données
          with
          [
              T=float
          ]
c:\users\théo brichet\desktop\project\wizworld\source\editorstate.cpp(170): warning C4244: 'argument' : conversion de 'double' en 'float', perte possible de données
c:\users\théo brichet\desktop\project\wizworld\source\editorstate.cpp(169): warning C4244: 'argument' : conversion de 'double' en 'float', perte possible de données
c:\users\théo brichet\desktop\project\wizworld\source\editorstate.cpp(172): warning C4018: '>' : incompatibilité signed/unsigned
c:\users\théo brichet\desktop\project\wizworld\source\editorstate.cpp(183): warning C4244: 'argument' : conversion de 'int' en 'T', perte possible de données
          with
          [
              T=float
          ]
c:\users\théo brichet\desktop\project\wizworld\source\editorstate.cpp(191): warning C4244: 'argument' : conversion de 'unsigned __int64' en 'float', perte possible de données
c:\users\théo brichet\desktop\project\wizworld\source\editorstate.cpp(200): warning C4244: 'initialisation' : conversion de 'double' en 'int', perte possible de données
c:\users\théo brichet\desktop\project\wizworld\source\editorstate.cpp(201): warning C4244: 'initialisation' : conversion de 'double' en 'int', perte possible de données
c:\users\théo brichet\desktop\project\wizworld\source\editorstate.cpp(203): warning C4244: 'argument' : conversion de 'int' en 'T', perte possible de données
          with
          [
              T=float
          ]
c:\users\théo brichet\desktop\project\wizworld\source\editorstate.cpp(204): warning C4244: 'argument' : conversion de 'double' en 'T', perte possible de données
          with
          [
              T=float
          ]
c:\users\théo brichet\desktop\project\wizworld\source\editorstate.cpp(214): warning C4244: 'argument' : conversion de 'int' en 'T', perte possible de données
          with
          [
              T=float
          ]
c:\users\théo brichet\desktop\project\wizworld\source\editorstate.cpp(215): warning C4244: 'argument' : conversion de 'unsigned int' en 'T', perte possible de données
          with
          [
              T=float
          ]
  Génération de code en cours
  8 of 2613 functions ( 0.3%) were compiled, the rest were copied from previous compilation.
    2 functions were new in current compilation
    18 functions had inline decision re-evaluated but remain unchanged
  Fin de la génération du code
  WizWorld.vcxproj -> C:\Users\Théo Brichet\Desktop\Project\WizWorld\x64\Release\WizWorld.exe
