c:\users\théo brichet\desktop\project\wizworld\wizworld\x64\release\vc141.pdb
c:\users\théo brichet\desktop\project\wizworld\wizworld\x64\release\weapon.obj
c:\users\théo brichet\desktop\project\wizworld\wizworld\x64\release\tilemap.obj
c:\users\théo brichet\desktop\project\wizworld\wizworld\x64\release\state.obj
c:\users\théo brichet\desktop\project\wizworld\wizworld\x64\release\player.obj
c:\users\théo brichet\desktop\project\wizworld\wizworld\x64\release\movementcomponent.obj
c:\users\théo brichet\desktop\project\wizworld\wizworld\x64\release\menustate.obj
c:\users\théo brichet\desktop\project\wizworld\wizworld\x64\release\main.obj
c:\users\théo brichet\desktop\project\wizworld\wizworld\x64\release\item.obj
c:\users\théo brichet\desktop\project\wizworld\wizworld\x64\release\inventory.obj
c:\users\théo brichet\desktop\project\wizworld\wizworld\x64\release\hitboxcomponent.obj
c:\users\théo brichet\desktop\project\wizworld\wizworld\x64\release\gamestate.obj
c:\users\théo brichet\desktop\project\wizworld\wizworld\x64\release\game.obj
c:\users\théo brichet\desktop\project\wizworld\wizworld\x64\release\entity.obj
c:\users\théo brichet\desktop\project\wizworld\wizworld\x64\release\character.obj
c:\users\théo brichet\desktop\project\wizworld\wizworld\x64\release\button.obj
c:\users\théo brichet\desktop\project\wizworld\wizworld\x64\release\armor.obj
c:\users\théo brichet\desktop\project\wizworld\wizworld\x64\release\animationcomponent.obj
c:\users\théo brichet\desktop\project\wizworld\wizworld\x64\release\tilesmap.obj
c:\users\théo brichet\desktop\project\wizworld\wizworld\x64\release\map.obj
c:\users\théo brichet\desktop\project\wizworld\wizworld\x64\release\buttontext.obj
c:\users\théo brichet\desktop\project\wizworld\wizworld\x64\release\musiccomponent.obj
c:\users\théo brichet\desktop\project\wizworld\wizworld\x64\release\transitioncomponent.obj
c:\users\théo brichet\desktop\project\wizworld\wizworld\x64\release\playergui.obj
c:\users\théo brichet\desktop\project\wizworld\wizworld\x64\release\minimapgui.obj
c:\users\théo brichet\desktop\project\wizworld\wizworld\x64\release\gui.obj
c:\users\théo brichet\desktop\project\wizworld\wizworld\x64\release\chatboxgui.obj
c:\users\théo brichet\desktop\project\wizworld\wizworld\x64\release\textfield.obj
c:\users\théo brichet\desktop\project\wizworld\wizworld\x64\release\statisticscomponent.obj
c:\users\théo brichet\desktop\project\wizworld\wizworld\x64\release\menugui.obj
c:\users\théo brichet\desktop\project\wizworld\wizworld\x64\release\commandcomponent.obj
c:\users\théo brichet\desktop\project\wizworld\wizworld\x64\release\utility.obj
c:\users\théo brichet\desktop\project\wizworld\wizworld\x64\release\wizworld.pch
c:\users\théo brichet\desktop\project\wizworld\wizworld\x64\release\precompiled_header.obj
c:\users\théo brichet\desktop\project\wizworld\wizworld\x64\release\glad.obj
c:\users\théo brichet\desktop\project\wizworld\x64\release\wizworld.exe
c:\users\théo brichet\desktop\project\wizworld\x64\release\wizworld.pdb
c:\users\théo brichet\desktop\project\wizworld\x64\release\wizworld.ipdb
c:\users\théo brichet\desktop\project\wizworld\x64\release\wizworld.iobj
c:\users\théo brichet\desktop\project\wizworld\wizworld\x64\release\editorgui.obj
c:\users\théo brichet\desktop\project\wizworld\wizworld\x64\release\editorstate.obj
c:\users\théo brichet\desktop\project\wizworld\wizworld\x64\release\wizworld.tlog\cl.command.1.tlog
c:\users\théo brichet\desktop\project\wizworld\wizworld\x64\release\wizworld.tlog\cl.read.1.tlog
c:\users\théo brichet\desktop\project\wizworld\wizworld\x64\release\wizworld.tlog\cl.write.1.tlog
c:\users\théo brichet\desktop\project\wizworld\wizworld\x64\release\wizworld.tlog\link.command.1.tlog
c:\users\théo brichet\desktop\project\wizworld\wizworld\x64\release\wizworld.tlog\link.read.1.tlog
c:\users\théo brichet\desktop\project\wizworld\wizworld\x64\release\wizworld.tlog\link.write.1.tlog
c:\users\théo brichet\desktop\project\wizworld\wizworld\x64\release\wizworld.tlog\wizworld.write.1u.tlog
